2026/07/05 14:00:34 SESystem listening on http://localhost:8080
2026/07/05 14:00:34 listen tcp :8080: bind: address already in use
2026/07/05 14:05:37 SESystem listening on http://localhost:8080
2026/07/05 14:05:37 listen tcp :8080: bind: address already in use
2026/07/05 14:11:56 SESystem listening on http://127.0.0.1:8080
2026/07/05 14:12:00 GET / -> 200 in 420.633µs
2026/07/05 14:12:21 GET / -> 200 in 1.17124ms
2026/07/05 14:12:22 GET /.well-known/appspecific/com.chrome.devtools.json -> 200 in 1.235603ms
2026/07/05 14:12:22 GET /static/styles.css -> 200 in 29.809141ms
2026/07/05 14:12:22 GET /favicon.ico -> 200 in 562.224µs
2026/07/05 14:13:30 GET / -> 200 in 412.638µs
2026/07/05 14:13:41 GET / -> 200 in 1.101886ms
2026/07/05 14:13:41 GET /.well-known/appspecific/com.chrome.devtools.json -> 200 in 340.364µs
2026/07/05 14:13:41 GET /favicon.ico -> 200 in 331.5µs
2026/07/05 14:13:42 GET / -> 200 in 424.901µs
2026/07/05 14:13:42 GET /.well-known/appspecific/com.chrome.devtools.json -> 200 in 721.892µs
2026/07/05 14:13:42 GET /favicon.ico -> 200 in 425.819µs
2026/07/05 14:14:52 GET /jobs -> 303 in 21.824µs
2026/07/05 14:14:52 GET /clients -> 303 in 9.411µs
2026/07/05 14:14:52 GET /finances -> 303 in 10.975µs
2026/07/05 14:15:04 GET / -> 200 in 310.193µs
2026/07/05 14:15:04 GET /.well-known/appspecific/com.chrome.devtools.json -> 200 in 338.987µs
2026/07/05 14:15:04 GET /static/styles.css -> 304 in 91.149µs
2026/07/05 14:15:04 GET /favicon.ico -> 200 in 720.35µs
2026/07/05 14:15:05 GET / -> 200 in 3.062046ms
2026/07/05 14:15:05 GET /.well-known/appspecific/com.chrome.devtools.json -> 200 in 348.06µs
2026/07/05 14:15:05 GET /favicon.ico -> 200 in 359.155µs
2026/07/05 14:15:06 GET / -> 200 in 773.028µs
2026/07/05 14:15:06 GET /.well-known/appspecific/com.chrome.devtools.json -> 200 in 2.014185ms
2026/07/05 14:15:06 GET /favicon.ico -> 200 in 310.227µs
2026/07/05 14:15:06 GET / -> 200 in 289.467µs
2026/07/05 14:15:06 GET /.well-known/appspecific/com.chrome.devtools.json -> 200 in 300.866µs
2026/07/05 14:15:06 GET /favicon.ico -> 200 in 287.12µs
2026/07/05 14:15:07 GET / -> 200 in 581.154µs
2026/07/05 14:15:07 GET /.well-known/appspecific/com.chrome.devtools.json -> 200 in 302.801µs
2026/07/05 14:15:07 GET /favicon.ico -> 200 in 1.597419ms
2026/07/05 14:15:07 GET / -> 200 in 343.479µs
2026/07/05 14:15:07 GET /favicon.ico -> 200 in 315.276µs
2026/07/05 14:15:07 GET /.well-known/appspecific/com.chrome.devtools.json -> 200 in 320.003µs
2026/07/05 14:15:07 GET / -> 200 in 1.927805ms
2026/07/05 14:15:07 GET /.well-known/appspecific/com.chrome.devtools.json -> 200 in 3.025745ms
2026/07/05 14:15:07 GET /favicon.ico -> 200 in 315.12µs
2026/07/05 14:15:07 GET / -> 200 in 285.94µs
2026/07/05 14:15:07 GET /.well-known/appspecific/com.chrome.devtools.json -> 200 in 288.92µs
2026/07/05 14:15:07 GET /favicon.ico -> 200 in 325.782µs
2026/07/05 14:15:07 GET / -> 200 in 446.511µs
2026/07/05 14:15:08 GET /favicon.ico -> 200 in 276.329µs
2026/07/05 14:15:08 GET /.well-known/appspecific/com.chrome.devtools.json -> 200 in 274.109µs
2026/07/05 14:15:08 GET / -> 200 in 377.453µs
2026/07/05 14:15:08 GET /favicon.ico -> 200 in 291.488µs
2026/07/05 14:15:08 GET /.well-known/appspecific/com.chrome.devtools.json -> 200 in 436.536µs
2026/07/05 14:15:11 GET / -> 200 in 343.481µs
2026/07/05 14:15:11 GET /.well-known/appspecific/com.chrome.devtools.json -> 200 in 969.868µs
2026/07/05 14:15:11 GET /favicon.ico -> 200 in 640.28µs
2026/07/05 14:15:12 GET / -> 200 in 681.947µs
2026/07/05 14:15:12 GET /.well-known/appspecific/com.chrome.devtools.json -> 200 in 315.77µs
2026/07/05 14:15:12 GET /favicon.ico -> 200 in 1.437097ms
2026/07/05 14:15:40 SESystem listening on http://127.0.0.1:8080
2026/07/05 14:15:40 listen tcp 127.0.0.1:8080: bind: address already in use
2026/07/05 14:15:41 GET /jobs -> 303 in 12.314µs
2026/07/05 14:15:41 GET /receipt/1 -> 200 in 1.301789ms
2026/07/05 14:16:08 GET / -> 200 in 1.177602ms
2026/07/05 14:16:08 GET /.well-known/appspecific/com.chrome.devtools.json -> 200 in 510.417µs
2026/07/05 14:16:09 GET /favicon.ico -> 200 in 803.19µs
2026/07/05 14:16:09 GET / -> 200 in 1.178331ms
2026/07/05 14:16:09 GET /.well-known/appspecific/com.chrome.devtools.json -> 200 in 2.795851ms
2026/07/05 14:16:09 GET /favicon.ico -> 200 in 309.043µs
2026/07/05 14:16:37 GET / -> 200 in 4.990161ms
2026/07/05 14:16:37 GET /.well-known/appspecific/com.chrome.devtools.json -> 200 in 1.892144ms
2026/07/05 14:16:37 GET /favicon.ico -> 200 in 315.355µs
2026/07/05 14:16:38 GET / -> 200 in 1.677414ms
2026/07/05 14:16:38 GET /.well-known/appspecific/com.chrome.devtools.json -> 200 in 323.574µs
2026/07/05 14:16:38 GET /favicon.ico -> 200 in 334.053µs
2026/07/05 14:16:38 GET / -> 200 in 294.632µs
2026/07/05 14:16:38 GET /.well-known/appspecific/com.chrome.devtools.json -> 200 in 338.221µs
2026/07/05 14:16:39 GET /favicon.ico -> 200 in 369.416µs
2026/07/05 14:16:39 GET / -> 200 in 892.54µs
2026/07/05 14:16:39 GET /.well-known/appspecific/com.chrome.devtools.json -> 200 in 521.86µs
2026/07/05 14:16:39 GET /favicon.ico -> 200 in 336.467µs
2026/07/05 14:16:43 GET / -> 200 in 968.203µs
2026/07/05 14:16:44 GET /.well-known/appspecific/com.chrome.devtools.json -> 200 in 376.403µs
2026/07/05 14:16:44 GET /favicon.ico -> 200 in 328.15µs
2026/07/05 14:16:44 GET / -> 200 in 1.269109ms
2026/07/05 14:16:44 GET /.well-known/appspecific/com.chrome.devtools.json -> 200 in 1.615354ms
2026/07/05 14:16:44 GET /favicon.ico -> 200 in 362.192µs
2026/07/05 14:16:44 GET / -> 200 in 487.696µs
2026/07/05 14:16:45 GET /.well-known/appspecific/com.chrome.devtools.json -> 200 in 325.27µs
2026/07/05 14:16:45 GET /favicon.ico -> 200 in 304.862µs
2026/07/05 14:16:45 GET / -> 200 in 325.276µs
2026/07/05 14:16:45 GET /.well-known/appspecific/com.chrome.devtools.json -> 200 in 518.497µs
2026/07/05 14:16:45 GET /favicon.ico -> 200 in 620.643µs
2026/07/05 14:16:45 GET / -> 200 in 568.561µs
2026/07/05 14:16:45 GET /.well-known/appspecific/com.chrome.devtools.json -> 200 in 354.828µs
2026/07/05 14:16:46 GET /favicon.ico -> 200 in 317.22µs
2026/07/05 14:16:46 GET / -> 200 in 395.715µs
2026/07/05 14:16:46 GET /.well-known/appspecific/com.chrome.devtools.json -> 200 in 1.985382ms
2026/07/05 14:16:46 GET /favicon.ico -> 200 in 342.898µs
2026/07/05 14:16:46 GET / -> 200 in 959.23µs
2026/07/05 14:16:46 GET /.well-known/appspecific/com.chrome.devtools.json -> 200 in 1.044714ms
2026/07/05 14:16:47 GET /favicon.ico -> 200 in 311.494µs
2026/07/05 14:16:52 render template receipt: html/template:base.html:37:15: no such template "content"
2026/07/05 14:16:52 GET /receipt/1 -> 200 in 16.513921ms
2026/07/05 14:17:02 SESystem listening on http://127.0.0.1:8080
2026/07/05 14:17:21 GET / -> 200 in 478.929µs
2026/07/05 14:17:21 GET /.well-known/appspecific/com.chrome.devtools.json -> 200 in 367.091µs
2026/07/05 14:17:22 GET /static/styles.css -> 304 in 82.729µs
2026/07/05 14:17:22 GET /favicon.ico -> 200 in 313.376µs
2026/07/05 14:17:23 GET / -> 200 in 835.664µs
2026/07/05 14:17:23 GET /.well-known/appspecific/com.chrome.devtools.json -> 200 in 329.907µs
2026/07/05 14:17:23 GET /favicon.ico -> 200 in 287.707µs
2026/07/05 14:17:44 GET / -> 200 in 431.766µs
2026/07/05 14:17:58 GET / -> 200 in 1.262047ms
2026/07/05 14:17:58 GET /.well-known/appspecific/com.chrome.devtools.json -> 200 in 352.395µs
2026/07/05 14:17:59 GET /favicon.ico -> 200 in 285.63µs
2026/07/05 14:18:35 GET / -> 200 in 292.77µs
2026/07/05 14:18:48 GET / -> 200 in 1.002189ms
2026/07/05 14:18:48 GET /.well-known/appspecific/com.chrome.devtools.json -> 200 in 426.533µs
2026/07/05 14:18:48 GET /favicon.ico -> 200 in 966.365µs
2026/07/05 14:18:48 GET / -> 200 in 908.124µs
2026/07/05 14:18:48 GET /.well-known/appspecific/com.chrome.devtools.json -> 200 in 364.576µs
2026/07/05 14:18:49 GET /favicon.ico -> 200 in 286.561µs
2026/07/05 14:18:54 GET / -> 200 in 530.349µs
2026/07/05 14:18:54 GET /.well-known/appspecific/com.chrome.devtools.json -> 200 in 2.144392ms
2026/07/05 14:18:54 GET /static/styles.css -> 200 in 26.163091ms
2026/07/05 14:18:54 GET /favicon.ico -> 200 in 923.561µs
2026/07/05 14:19:00 POST / -> 303 in 442.436093ms
2026/07/05 14:19:00 GET /jobs -> 200 in 6.458195ms
2026/07/05 14:19:00 GET /favicon.ico -> 303 in 153.192µs
2026/07/05 14:19:00 GET /jobs -> 200 in 1.676205ms
2026/07/05 14:19:42 GET / -> 200 in 334.169µs
2026/07/05 14:19:55 GET /jobs -> 200 in 7.70994ms
2026/07/05 14:19:55 GET /.well-known/appspecific/com.chrome.devtools.json -> 303 in 198.593µs
2026/07/05 14:19:55 GET /static/styles.css -> 200 in 79.793µs
2026/07/05 14:19:55 GET /jobs -> 200 in 2.217256ms
2026/07/05 14:19:55 GET /favicon.ico -> 303 in 2.140317ms
2026/07/05 14:19:55 GET /jobs -> 200 in 1.529218ms
2026/07/05 14:20:12 GET /clients -> 200 in 2.67574ms
2026/07/05 14:20:12 GET /favicon.ico -> 303 in 451.359µs
2026/07/05 14:20:12 GET /jobs -> 200 in 5.410499ms
2026/07/05 14:20:14 GET /finances -> 200 in 2.672441ms
2026/07/05 14:20:14 GET /favicon.ico -> 303 in 180.546µs
2026/07/05 14:20:14 GET /jobs -> 200 in 4.304295ms
2026/07/05 14:20:15 GET /jobs -> 200 in 7.036732ms
2026/07/05 14:20:15 GET /favicon.ico -> 303 in 185.572µs
2026/07/05 14:20:15 GET /jobs -> 200 in 1.856397ms
2026/07/05 14:20:15 GET /clients -> 200 in 2.704418ms
2026/07/05 14:20:15 GET /favicon.ico -> 303 in 213.07µs
2026/07/05 14:20:15 GET /jobs -> 200 in 2.528986ms
2026/07/05 14:20:15 GET /finances -> 200 in 1.133249ms
2026/07/05 14:20:16 GET /favicon.ico -> 303 in 175.116µs
2026/07/05 14:20:16 GET /jobs -> 200 in 1.521412ms
2026/07/05 14:20:16 GET /jobs -> 200 in 4.048686ms
2026/07/05 14:20:16 GET /favicon.ico -> 303 in 1.544125ms
2026/07/05 14:20:16 GET /jobs -> 200 in 3.260814ms
2026/07/05 14:20:17 GET /clients -> 200 in 1.984987ms
2026/07/05 14:20:17 GET /favicon.ico -> 303 in 164.707µs
2026/07/05 14:20:17 GET /jobs -> 200 in 3.770561ms
2026/07/05 14:20:17 GET /finances -> 200 in 909.667µs
2026/07/05 14:20:17 GET /favicon.ico -> 303 in 191.069µs
2026/07/05 14:20:17 GET /jobs -> 200 in 1.73744ms
2026/07/05 14:25:45 GET /finances -> 200 in 1.445034ms
2026/07/05 14:25:45 GET /.well-known/appspecific/com.chrome.devtools.json -> 303 in 181.969µs
2026/07/05 14:25:45 GET /jobs -> 200 in 6.0333ms
2026/07/05 14:25:45 GET /static/styles.css -> 200 in 118.751µs
2026/07/05 14:25:45 GET /favicon.ico -> 303 in 283.941µs
2026/07/05 14:25:45 GET /jobs -> 200 in 2.450328ms
2026/07/05 14:25:48 GET /jobs -> 200 in 4.028385ms
2026/07/05 14:25:48 GET /favicon.ico -> 303 in 203.117µs
2026/07/05 14:25:48 GET /jobs -> 200 in 4.391912ms
2026/07/05 14:25:55 POST /logout -> 303 in 327.880332ms
2026/07/05 14:25:55 GET / -> 200 in 1.481877ms
2026/07/05 14:25:56 GET /favicon.ico -> 200 in 517µs
2026/07/05 14:26:00 POST / -> 303 in 382.412793ms
2026/07/05 14:26:00 GET /jobs -> 200 in 7.192102ms
2026/07/05 14:26:00 GET /favicon.ico -> 303 in 447.583µs
2026/07/05 14:26:00 GET /jobs -> 200 in 1.748367ms
2026/07/05 14:29:48 SESystem listening on http://127.0.0.1:8080
2026/07/05 14:29:54 POST / -> 303 in 352.9288ms
2026/07/05 14:29:54 POST / -> 303 in 252.864347ms
2026/07/05 14:29:59 GET /jobs -> 303 in 25.464µs
2026/07/05 14:29:59 GET /jobs -> 303 in 22.332µs
2026/07/05 14:30:26 POST / -> 303 in 415.011731ms
2026/07/05 14:30:26 GET /jobs -> 200 in 6.8138ms
2026/07/05 14:30:26 POST / -> 303 in 254.740418ms
2026/07/05 14:30:26 GET /jobs -> 200 in 3.152981ms
2026/07/05 14:30:55 GET /jobs -> 200 in 2.011307ms
2026/07/05 14:30:55 GET /jobs -> 200 in 3.586206ms
2026/07/05 14:31:07 GET /jobs -> 303 in 756.154µs
2026/07/05 14:31:07 GET / -> 200 in 3.194023ms
2026/07/05 14:31:07 GET /.well-known/appspecific/com.chrome.devtools.json -> 200 in 555.947µs
2026/07/05 14:31:07 GET /static/styles.css -> 200 in 13.920435ms
2026/07/05 14:31:07 GET /favicon.ico -> 200 in 541.371µs
2026/07/05 14:31:11 POST / -> 303 in 307.959513ms
2026/07/05 14:31:11 GET /jobs -> 200 in 7.857517ms
2026/07/05 14:31:11 GET /favicon.ico -> 303 in 286.478µs
2026/07/05 14:31:11 GET /jobs -> 200 in 4.010388ms
2026/07/05 14:31:13 GET /users -> 200 in 3.58159ms
2026/07/05 14:31:13 GET /favicon.ico -> 303 in 290.27µs
2026/07/05 14:31:13 GET /jobs -> 200 in 5.135014ms
2026/07/05 14:31:22 create user: constraint failed: UNIQUE constraint failed: users.username (2067)
2026/07/05 14:31:22 POST /users -> 500 in 135.955049ms
2026/07/05 14:31:41 POST /users -> 303 in 385.926646ms
2026/07/05 14:31:41 GET /users -> 200 in 5.546325ms
2026/07/05 14:31:44 POST /logout -> 303 in 235.305671ms
2026/07/05 14:31:44 GET / -> 200 in 1.387588ms
2026/07/05 14:31:44 GET /favicon.ico -> 200 in 381.364µs
2026/07/05 14:31:48 POST / -> 303 in 318.626368ms
2026/07/05 14:31:48 GET /jobs -> 200 in 7.531826ms
2026/07/05 14:31:48 GET /favicon.ico -> 303 in 309.333µs
2026/07/05 14:31:48 GET /jobs -> 200 in 4.190167ms
2026/07/05 14:32:08 render template receipt: html/template:base.html:42:15: no such template "content"
2026/07/05 14:32:08 GET /receipt/1 -> 200 in 2.495636ms
2026/07/05 14:32:08 GET /favicon.ico -> 303 in 429.906µs
2026/07/05 14:32:08 GET /jobs -> 200 in 4.074514ms
2026/07/05 14:32:13 GET /favicon.ico -> 303 in 406.101µs
2026/07/05 14:32:13 GET /jobs -> 200 in 2.051063ms
2026/07/05 14:32:19 render template receipt: html/template:base.html:42:15: no such template "content"
2026/07/05 14:32:19 GET /receipt/2 -> 200 in 1.687923ms
2026/07/05 14:32:19 GET /favicon.ico -> 303 in 589.396µs
2026/07/05 14:32:19 GET /jobs -> 200 in 4.457794ms
2026/07/05 14:32:20 GET /favicon.ico -> 303 in 556.501µs
2026/07/05 14:32:20 GET /jobs -> 200 in 2.007775ms
2026/07/05 14:32:24 GET /clients -> 200 in 3.913836ms
2026/07/05 14:32:24 GET /favicon.ico -> 303 in 334.309µs
2026/07/05 14:32:24 GET /jobs -> 200 in 4.124458ms
2026/07/05 14:32:27 GET /receipts -> 200 in 3.919337ms
2026/07/05 14:32:27 GET /favicon.ico -> 303 in 311.182µs
2026/07/05 14:32:27 GET /jobs -> 200 in 3.586155ms
2026/07/05 14:32:30 GET /spreadsheets -> 200 in 9.393997ms
2026/07/05 14:32:30 GET /favicon.ico -> 303 in 307.864µs
2026/07/05 14:32:30 GET /jobs -> 200 in 1.81541ms
2026/07/05 14:32:41 POST /logout -> 303 in 155.434807ms
2026/07/05 14:32:41 GET / -> 200 in 1.049948ms
2026/07/05 14:32:41 GET /favicon.ico -> 200 in 477.538µs
2026/07/05 14:32:53 GET / -> 200 in 282.25µs
2026/07/05 14:32:53 GET /static/styles.css -> 200 in 74.961µs
2026/07/05 14:32:53 GET /.well-known/appspecific/com.chrome.devtools.json -> 200 in 357.803µs
2026/07/05 14:32:53 GET /favicon.ico -> 200 in 403.546µs
2026/07/05 14:32:56 failed login attempt for username=admin
2026/07/05 14:32:56 POST / -> 200 in 164.100384ms
2026/07/05 14:33:04 POST / -> 303 in 351.799271ms
2026/07/05 14:33:04 GET /jobs -> 200 in 7.386719ms
2026/07/05 14:33:04 GET /favicon.ico -> 303 in 460.55µs
2026/07/05 14:33:04 GET /jobs -> 200 in 3.511477ms
2026/07/05 14:33:10 GET /clients -> 200 in 3.239429ms
2026/07/05 14:33:10 GET /favicon.ico -> 303 in 322.956µs
2026/07/05 14:33:10 GET /jobs -> 200 in 4.777461ms
2026/07/05 14:33:11 GET /jobs -> 200 in 4.310019ms
2026/07/05 14:33:11 GET /favicon.ico -> 303 in 369.907µs
2026/07/05 14:33:11 GET /jobs -> 200 in 3.058831ms
2026/07/05 14:33:12 GET /receipts -> 200 in 3.85745ms
2026/07/05 14:33:12 GET /favicon.ico -> 303 in 288.567µs
2026/07/05 14:33:12 GET /jobs -> 200 in 4.991671ms
